
> modernize-next-free@0.1.0 build
> next build

 ⚠ Invalid next.config.js options detected: 
 ⚠     Unrecognized key(s) in object: 'appDir' at "experimental"
 ⚠ See more info here: https://nextjs.org/docs/messages/invalid-next-config
  ▲ Next.js 14.2.20
  - Environments: .env.local, .env

   Creating an optimized production build ...
 ✓ Compiled successfully
   Linting and checking validity of types ...

Failed to compile.

./src/app/(DashboardLayout)/components/dashboard/DepartmentList.tsx
22:24  Error: Component definition is missing display name  react/display-name

./src/app/(DashboardLayout)/components/dashboard/Toppic.tsx
10:16  Error: Component definition is missing display name  react/display-name

./src/app/(DashboardLayout)/utilities/EditReserved/Edit.tsx
140:3  Error: React Hook "useEffect" is called conditionally. React Hooks must be called in the exact same order in every component render.  react-hooks/rules-of-hooks
186:3  Error: React Hook "useEffect" is called conditionally. React Hooks must be called in the exact same order in every component render.  react-hooks/rules-of-hooks
330:33  Error: React Hook "useState" is called conditionally. React Hooks must be called in the exact same order in every component render.  react-hooks/rules-of-hooks
337:39  Error: React Hook "useDisclosure" is called conditionally. React Hooks must be called in the exact same order in every component render.  react-hooks/rules-of-hooks
338:27  Error: React Hook "React.useState" is called conditionally. React Hooks must be called in the exact same order in every component render.  react-hooks/rules-of-hooks

./src/app/(DashboardLayout)/utilities/EditReservedCars/Edit.tsx
125:3  Error: React Hook "useEffect" is called conditionally. React Hooks must be called in the exact same order in every component render.  react-hooks/rules-of-hooks
256:33  Error: React Hook "useState" is called conditionally. React Hooks must be called in the exact same order in every component render.  react-hooks/rules-of-hooks
273:3  Error: React Hook "useEffect" is called conditionally. React Hooks must be called in the exact same order in every component render.  react-hooks/rules-of-hooks

./src/app/(DashboardLayout)/utilities/reportbooking/Room_view.tsx
79:6  Warning: React Hook useEffect has a missing dependency: 'findNextMeetings'. Either include it or remove the dependency array.  react-hooks/exhaustive-deps
109:6  Warning: React Hook useEffect has a missing dependency: 'filterCurrentDateBookings'. Either include it or remove the dependency array.  react-hooks/exhaustive-deps
150:6  Warning: React Hook useEffect has missing dependencies: 'filterCurrentDateBookings' and 'findNextMeetings'. Either include them or remove the dependency array.  react-hooks/exhaustive-deps

./src/app/(DashboardLayout)/utilities/sample-car/Bookingcars.tsx
33:9  Warning: The 'today' object construction makes the dependencies of useMemo Hook (at line 43) change on every render. Move it inside the useMemo callback. Alternatively, wrap the initialization of 'today' in its own useMemo() Hook.  react-hooks/exhaustive-deps

./src/app/(DashboardLayout)/utilities/sample-page/Bookingrooms.tsx
33:9  Warning: The 'today' object construction makes the dependencies of useMemo Hook (at line 43) change on every render. Move it inside the useMemo callback. Alternatively, wrap the initialization of 'today' in its own useMemo() Hook.  react-hooks/exhaustive-deps

./src/app/(DashboardLayout)/utilities/userRerserved/page.tsx
24:27  Error: React Hook "useState" is called in function "userRerserved" that is neither a React function component nor a custom React Hook function. React component names must start with an uppercase letter. React Hook names must start with the word "use".  react-hooks/rules-of-hooks
25:33  Error: React Hook "useState" is called in function "userRerserved" that is neither a React function component nor a custom React Hook function. React component names must start with an uppercase letter. React Hook names must start with the word "use".  react-hooks/rules-of-hooks
26:3  Error: React Hook "useEffect" is called in function "userRerserved" that is neither a React function component nor a custom React Hook function. React component names must start with an uppercase letter. React Hook names must start with the word "use".  react-hooks/rules-of-hooks

info  - Need to disable some ESLint rules? Learn more here: https://nextjs.org/docs/basic-features/eslint#disabling-rules
